8.91944870987017e+654339383
Case #1: 383
2.38610765754231e+1042279784
Case #2: 784
3.4897812189955e+1438010541
Case #3: 541
8.60765529775506e+319470021
Case #4: 021
2.84723111447444e+1154588943
Case #5: 943
3.76560822770001e+1438010546
Case #6: 546
1.039666700336e+858306306
Case #7: 306
1.73895023941123e+730882033
Case #8: 033
2.53735271655869e+1129379019
Case #9: 019
5.40568783555032e+1438010548
Case #10: 548
4.54933554676678e+846680484
Case #11: 484
3.00007535447868e+221597481
Case #12: 481
2.07983052913491e+575608257
Case #13: 257
1.14167750723954e+74
Case #14: +74
2.62312692776468e+1438010544
Case #15: 544
1.3268558702434e+990022035
Case #16: 035
2.56369279687755e+1103913380
Case #17: 380
3.95595968482869e+719634769
Case #18: 769
7.19167177332575e+1438010545
Case #19: 545
5.52520735505205e+851651278
Case #20: 278
9.82014758781995e+830986483
Case #21: 483
4.0796807016356e+1300979538
Case #22: 538
1.40173820032947e+54087340
Case #23: 340
9.39390457567436e+1434719524
Case #24: 524
1.2997597092795e+1123254784
Case #25: 784
3.28855067698743e+150903153
Case #26: 153
1.14457033143428e+198848473
Case #27: 473
5.00972664800508e+1438010543
Case #28: 543
8.27281151291785e+765221285
Case #29: 285
1.00959530952583e+881069591
Case #30: 591
4.65762799747889e+798065493
Case #31: 493
6.25930308839707e+1362162301
Case #32: 301
5.33833837915602e+727617054
Case #33: 054
2.37873557252298e+857030704
Case #34: 704
7.50318288670525e+981716040
Case #35: 040
1.16229870808791e+265182781
Case #36: 781
1.64541246167407e+1158629182
Case #37: 182
4.66679848162857e+1107662714
Case #38: 714
5.25567374390204e+393135348
Case #39: 348
2.48932507396338e+147
Case #40: 147
9.07969084141541e+145
Case #41: 145
3.08476779901795e+1341206006
Case #42: 006
2.71649970943642e+1064441836
Case #43: 836
1.55142870975108e+1061980958
Case #44: 958
9.86889500485175e+237528095
Case #45: 095
4.94186904079561e+772026036
Case #46: 036
1.03239451030418e+1438010548
Case #47: 548
8.30282896549461e+807478236
Case #48: 236
1.33280539430585e+766336706
Case #49: 706
3.33203651355381e+946970531
Case #50: 531
1.49791647100181e+923307568
Case #51: 568
3.07541186942147e+906543030
Case #52: 030
7.21290792222331e+956108455
Case #53: 455
7.8759337222513e+1194481032
Case #54: 032
3.48656298931742e+735
Case #55: 735
9.8860090917591e+1290632424
Case #56: 424
6.6648890617762e+1438010540
Case #57: 540
2.51937832959509e+1110837124
Case #58: 124
1.21015684016775e+673064897
Case #59: 897
3.2249997896718e+263099585
Case #60: 585
4.6513561865741e+619728210
Case #61: 210
1.0998571426348e+687137461
Case #62: 461
8.2945875937179e+885031307
Case #63: 307
1.21276545585146e+756006438
Case #64: 438
9.43813002816542e+772026035
Case #65: 035
2.22145722046647e+1089207586
Case #66: 586
1.82727316892625e+1438010542
Case #67: 542
1.3734870907386e+1438010545
Case #68: 545
1.72336206757114e+422607891
Case #69: 891
5.97790103628876e+74
Case #70: +74
1.85853776628781e+1379423976
Case #71: 976
4.06323618435987e+1438010551
Case #72: 551
6.78247936159289e+295251294
Case #73: 294
1.2130944508495e+23561
Case #74: 561
1.10914477979002e+1149579034
Case #75: 034
4.01700157463348e+787537999
Case #76: 999
1.65560240963248e+424546880
Case #77: 880
4.75418784603333e+146
Case #78: 146
1.97169806568698e+1438010547
Case #79: 547
7.20635050623682e+1244814936
Case #80: 936
1.27288054517556e+1438010540
Case #81: 540
2.83045489720852e+1438010549
Case #82: 549
4.64276921850358e+1438010538
Case #83: 538
4.74863552727288e+1249364432
Case #84: 432
3.13006961887744e+75
Case #85: +75
2.43098552319283e+1438010539
Case #86: 539
2.12753808699451e+1438010552
Case #87: 552
5.51340219908747e+649390595
Case #88: 595
6.4132460459934e+1304155607
Case #89: 607
1.83775986237592e+1248397801
Case #90: 801
4.28971661326108e+529817302
Case #91: 302
2.21874281343702e+1287937068
Case #92: 068
1.57196919100338e+1109900123
Case #93: 123
2.24431197268389e+1352307160
Case #94: 160
1.4820454249031e+1438010550
Case #95: 550
7.52528878306114e+1097700181
Case #96: 181
9.56772652595931e+1438010542
Case #97: 542
2.15573647529818e+1256074580
Case #98: 580
7.76009059053518e+1438010550
Case #99: 550
6.21875930429786e+378834466
Case #100: 466
