3935.73982019982
Case #1: 935
424681471.960495
Case #2: 471
107903.848161115
Case #3: 903
751.659420219965
Case #4: 751
27.4164078649987
Case #5: 027
6.57833635663053e+15
Case #6: 531
2223661055.96982
Case #7: 055
2.5890620349459e+19
Case #8: 288
9.44347650390492e+17
Case #9: 648
20607.801240319
Case #10: 607
1.80354352626532e+17
Case #11: 448
3.71670665175399e+21
Case #12: 800
564991.884005414
Case #13: 991
143.554175279993
Case #14: 143
15490047.9323065
Case #15: 047
8751751364608.0
Case #16: 607
7.09827807378603e+20
Case #17: 352
3.44446163421758e+16
Case #18: 760
239941584945152.0
Case #19: 152
4.94466849183682e+18
Case #20: 480
319215828991.987
Case #21: 991
1.25635044940186e+15
Case #22: 856
11643240447.9769
Case #23: 447
45824765067264.0
Case #24: 264
81106943.9482868
Case #25: 943
1671435780095.99
Case #26: 095
60964798463.9824
Case #27: 463
1.35565048129406e+20
Case #28: 712
2958335.91138802
Case #29: 335
